2024-03-26 00:35:22,030 - INFO - Add: 5 + 3 = 8
2024-03-26 00:37:26,360 - INFO - Subtract: 2.0 - 4.0 = -2.0
2024-03-26 00:37:43,113 - INFO - Divide: 3.145 / 43523.0 = 7.226064379753234e-05
2024-03-27 03:24:46,865 - INFO - Multiply: 4.0 * 768787.0 = 3075148.0
2024-03-27 03:25:12,142 - ERROR - Division by zero!
2024-03-27 04:25:59,966 - INFO - Subtract: 3.0 - 4.0 = -1.0
2024-03-27 04:26:17,771 - INFO - Divide: 324234.0 / 433.0 = 748.8083140877599
2024-03-27 04:56:27,130 - INFO - Divide: 4.0 / 3.0 = 1.3333333333333333
2024-03-27 05:14:04,675 - INFO - Multiply: 11 * 58 = 638
2024-03-27 05:14:04,676 - INFO - Divide: 80 / 9 = 8.88888888888889
2024-03-27 05:14:04,676 - INFO - Subtract: 64 - 96 = -32
2024-03-27 05:14:04,676 - INFO - Divide: 81 / 62 = 1.3064516129032258
2024-03-27 05:14:04,676 - INFO - Divide: 8 / 70 = 0.11428571428571428
2024-03-27 05:17:04,908 - INFO - Multiply: 62 * 37 = 2294
2024-03-27 05:17:04,909 - INFO - Divide: 10 / 98 = 0.10204081632653061
2024-03-27 05:17:04,909 - INFO - Add: 70 + 62 = 132
2024-03-27 05:17:04,909 - INFO - Divide: 63 / 50 = 1.26
2024-03-27 05:17:04,909 - INFO - Subtract: 42 - 50 = -8
2024-03-27 05:17:27,918 - INFO - Add: 2.0 + 3.0 = 5.0
2024-03-27 05:18:05,762 - INFO - Add: 93 + 84 = 177
2024-03-27 05:18:05,763 - INFO - Divide: 7 / 15 = 0.4666666666666667
2024-03-27 05:18:05,763 - INFO - Multiply: 3 * 86 = 258
2024-03-27 05:18:05,763 - INFO - Divide: 100 / 18 = 5.555555555555555
2024-03-27 05:18:05,764 - INFO - Divide: 8 / 56 = 0.14285714285714285
2024-03-27 05:22:06,851 - INFO - Add: 94 + 82 = 176
2024-03-27 05:22:06,852 - INFO - Add: 5 + 91 = 96
2024-03-27 05:22:06,852 - INFO - Add: 31 + 53 = 84
2024-03-27 05:22:06,852 - INFO - Subtract: 50 - 15 = 35
2024-03-27 05:22:06,852 - INFO - Multiply: 10 * 47 = 470
2024-03-27 05:22:38,248 - INFO - Subtract: 60 - 92 = -32
2024-03-27 05:22:38,249 - INFO - Multiply: 59 * 61 = 3599
2024-03-27 05:22:38,249 - INFO - Subtract: 36 - 59 = -23
2024-03-27 05:22:38,250 - INFO - Subtract: 71 - 83 = -12
2024-03-27 05:22:38,250 - INFO - Subtract: 4 - 28 = -24
2024-03-27 05:22:52,086 - INFO - Add: 2.0 + 3.0 = 5.0
2024-03-27 05:22:55,308 - INFO - Subtract: 69 - 27 = 42
2024-03-27 05:22:55,309 - INFO - Divide: 61 / 33 = 1.8484848484848484
2024-03-27 05:22:55,309 - INFO - Divide: 36 / 92 = 0.391304347826087
2024-03-27 05:22:55,309 - INFO - Add: 12 + 43 = 55
2024-03-27 05:22:55,310 - INFO - Multiply: 83 * 28 = 2324
2024-03-27 05:22:58,670 - INFO - Divide: 92 / 52 = 1.7692307692307692
2024-03-27 05:22:58,671 - INFO - Multiply: 20 * 40 = 800
2024-03-27 05:22:58,671 - INFO - Add: 73 + 11 = 84
2024-03-27 05:22:58,671 - INFO - Add: 99 + 40 = 139
2024-03-27 05:22:58,671 - INFO - Divide: 80 / 23 = 3.4782608695652173
2024-03-27 05:24:14,697 - INFO - Add: 21 + 43 = 64
2024-03-27 05:24:14,697 - INFO - Add: 23 + 45 = 68
2024-03-27 05:24:14,698 - INFO - Add: 91 + 75 = 166
2024-03-27 05:24:14,698 - INFO - Subtract: 100 - 36 = 64
2024-03-27 05:24:14,698 - INFO - Subtract: 85 - 80 = 5
2024-03-27 05:27:14,840 - INFO - Subtract: 3.0 - 4.0 = -1.0
2024-03-27 05:27:19,323 - INFO - Divide: 32 / 69 = 0.463768115942029
2024-03-27 05:27:19,323 - INFO - Multiply: 95 * 33 = 3135
2024-03-27 05:27:19,323 - INFO - Subtract: 23 - 16 = 7
2024-03-27 05:27:19,324 - INFO - Multiply: 97 * 65 = 6305
2024-03-27 05:27:19,324 - INFO - Subtract: 1 - 39 = -38
2024-03-27 05:28:02,583 - INFO - Divide: 78 / 40 = 1.95
2024-03-27 05:28:02,583 - INFO - Divide: 38 / 65 = 0.5846153846153846
2024-03-27 05:28:02,584 - INFO - Divide: 51 / 28 = 1.8214285714285714
2024-03-27 05:28:02,584 - INFO - Subtract: 79 - 44 = 35
2024-03-27 05:28:02,584 - INFO - Subtract: 86 - 10 = 76
2024-03-27 05:28:07,063 - INFO - Subtract: 2.0 - 2.0 = 0.0
2024-03-27 05:28:29,289 - INFO - Multiply: 59 * 55 = 3245
2024-03-27 05:28:29,290 - INFO - Multiply: 10 * 25 = 250
2024-03-27 05:28:29,290 - INFO - Multiply: 73 * 72 = 5256
2024-03-27 05:28:29,291 - INFO - Divide: 24 / 91 = 0.26373626373626374
2024-03-27 05:28:29,291 - INFO - Add: 76 + 6 = 82
2024-03-27 05:28:36,429 - INFO - Subtract: 36 - 10 = 26
2024-03-27 05:28:36,429 - INFO - Multiply: 41 * 61 = 2501
2024-03-27 05:28:36,429 - INFO - Multiply: 64 * 9 = 576
2024-03-27 05:28:36,430 - INFO - Add: 46 + 17 = 63
2024-03-27 05:28:36,430 - INFO - Add: 31 + 37 = 68
2024-03-27 05:30:21,952 - INFO - Subtract: 3.0 - 4.0 = -1.0
2024-03-27 05:30:27,126 - INFO - Subtract: 92 - 55 = 37
2024-03-27 05:30:27,126 - INFO - Add: 86 + 23 = 109
2024-03-27 05:30:27,127 - INFO - Divide: 51 / 87 = 0.5862068965517241
2024-03-27 05:30:27,127 - INFO - Add: 4 + 96 = 100
2024-03-27 05:30:27,127 - INFO - Multiply: 64 * 1 = 64
2024-03-27 05:30:48,160 - INFO - Add: 37 + 45 = 82
2024-03-27 05:30:48,160 - INFO - Add: 66 + 56 = 122
2024-03-27 05:30:48,161 - INFO - Multiply: 66 * 40 = 2640
2024-03-27 05:30:48,161 - INFO - Subtract: 71 - 48 = 23
2024-03-27 05:30:48,161 - INFO - Subtract: 29 - 86 = -57
2024-03-27 05:31:15,798 - INFO - Divide: 37 / 16 = 2.3125
2024-03-27 05:31:15,798 - INFO - Add: 20 + 97 = 117
2024-03-27 05:31:15,799 - INFO - Divide: 44 / 26 = 1.6923076923076923
2024-03-27 05:31:15,799 - INFO - Multiply: 86 * 82 = 7052
2024-03-27 05:31:15,799 - INFO - Multiply: 93 * 6 = 558
2024-03-27 05:32:37,737 - INFO - Multiply: 76 * 28 = 2128
2024-03-27 05:32:37,737 - INFO - Subtract: 98 - 87 = 11
2024-03-27 05:32:37,738 - INFO - Multiply: 57 * 89 = 5073
2024-03-27 05:32:37,738 - INFO - Subtract: 19 - 63 = -44
2024-03-27 05:32:37,739 - INFO - Multiply: 79 * 32 = 2528
2024-03-27 05:32:59,802 - INFO - Divide: 85 / 95 = 0.8947368421052632
2024-03-27 05:32:59,803 - INFO - Subtract: 78 - 29 = 49
2024-03-27 05:32:59,804 - INFO - Divide: 98 / 66 = 1.4848484848484849
2024-03-27 05:32:59,804 - INFO - Subtract: 14 - 19 = -5
2024-03-27 05:32:59,804 - INFO - Add: 79 + 17 = 96
2024-03-27 05:32:59,805 - INFO - Add: 42 + 29 = 71
2024-03-27 05:32:59,805 - INFO - Divide: 30 / 44 = 0.6818181818181818
2024-03-27 05:32:59,805 - INFO - Subtract: 17 - 79 = -62
2024-03-27 05:32:59,806 - INFO - Multiply: 10 * 26 = 260
2024-03-27 05:32:59,806 - INFO - Add: 44 + 32 = 76
2024-03-27 05:32:59,807 - INFO - Add: 9 + 80 = 89
2024-03-27 05:32:59,807 - INFO - Add: 44 + 87 = 131
2024-03-27 05:32:59,808 - INFO - Divide: 23 / 94 = 0.24468085106382978
2024-03-27 05:32:59,808 - INFO - Divide: 61 / 51 = 1.196078431372549
2024-03-27 05:32:59,809 - INFO - Multiply: 56 * 96 = 5376
2024-03-27 05:32:59,809 - INFO - Subtract: 59 - 13 = 46
2024-03-27 05:32:59,809 - INFO - Add: 78 + 78 = 156
2024-03-27 05:32:59,809 - INFO - Subtract: 34 - 16 = 18
2024-03-27 05:32:59,810 - INFO - Multiply: 92 * 19 = 1748
2024-03-27 05:32:59,811 - INFO - Add: 94 + 8 = 102
2024-03-27 05:32:59,811 - INFO - Subtract: 63 - 94 = -31
2024-03-27 05:32:59,812 - INFO - Add: 32 + 90 = 122
2024-03-27 05:32:59,813 - INFO - Subtract: 33 - 21 = 12
2024-03-27 05:32:59,814 - INFO - Add: 39 + 92 = 131
2024-03-27 05:32:59,814 - INFO - Multiply: 53 * 17 = 901
2024-03-27 05:32:59,814 - INFO - Divide: 2 / 98 = 0.02040816326530612
2024-03-27 05:32:59,814 - INFO - Add: 55 + 94 = 149
2024-03-27 05:32:59,814 - INFO - Add: 85 + 56 = 141
2024-03-27 05:32:59,815 - INFO - Subtract: 32 - 12 = 20
2024-03-27 05:32:59,815 - INFO - Add: 67 + 68 = 135
2024-03-27 05:32:59,816 - INFO - Subtract: 97 - 6 = 91
2024-03-27 05:32:59,816 - INFO - Subtract: 22 - 5 = 17
2024-03-27 05:32:59,816 - INFO - Add: 22 + 19 = 41
2024-03-27 05:32:59,816 - INFO - Multiply: 13 * 53 = 689
2024-03-27 05:32:59,817 - INFO - Subtract: 84 - 11 = 73
2024-03-27 05:32:59,817 - INFO - Add: 8 + 76 = 84
2024-03-27 05:32:59,817 - INFO - Subtract: 68 - 47 = 21
2024-03-27 05:32:59,817 - INFO - Subtract: 39 - 23 = 16
2024-03-27 05:32:59,817 - INFO - Multiply: 29 * 65 = 1885
2024-03-27 05:32:59,818 - INFO - Add: 74 + 47 = 121
2024-03-27 05:32:59,818 - INFO - Multiply: 85 * 47 = 3995
2024-03-27 05:32:59,818 - INFO - Multiply: 62 * 55 = 3410
2024-03-27 05:32:59,819 - INFO - Add: 94 + 46 = 140
2024-03-27 05:32:59,819 - INFO - Add: 94 + 69 = 163
2024-03-27 05:32:59,819 - INFO - Divide: 42 / 38 = 1.105263157894737
2024-03-27 05:32:59,820 - INFO - Add: 90 + 51 = 141
2024-03-27 05:32:59,820 - INFO - Divide: 24 / 90 = 0.26666666666666666
2024-03-27 05:32:59,820 - INFO - Divide: 50 / 61 = 0.819672131147541
2024-03-27 05:32:59,821 - INFO - Add: 59 + 36 = 95
2024-03-27 05:32:59,821 - INFO - Add: 45 + 29 = 74
2024-03-27 05:32:59,822 - INFO - Add: 13 + 10 = 23
2024-03-27 05:32:59,822 - INFO - Divide: 68 / 2 = 34.0
2024-03-27 05:32:59,823 - INFO - Add: 34 + 43 = 77
2024-03-27 05:32:59,823 - INFO - Subtract: 47 - 63 = -16
2024-03-27 05:32:59,824 - INFO - Add: 1 + 49 = 50
2024-03-27 05:32:59,824 - INFO - Subtract: 94 - 13 = 81
2024-03-27 05:32:59,825 - INFO - Subtract: 38 - 70 = -32
2024-03-27 05:32:59,825 - INFO - Multiply: 46 * 65 = 2990
2024-03-27 05:32:59,825 - INFO - Multiply: 16 * 44 = 704
2024-03-27 05:32:59,825 - INFO - Multiply: 63 * 59 = 3717
2024-03-27 05:32:59,825 - INFO - Add: 18 + 10 = 28
2024-03-27 05:32:59,826 - INFO - Add: 3 + 82 = 85
2024-03-27 05:32:59,826 - INFO - Divide: 71 / 38 = 1.868421052631579
2024-03-27 05:32:59,827 - INFO - Multiply: 42 * 8 = 336
2024-03-27 05:32:59,828 - INFO - Subtract: 55 - 54 = 1
2024-03-27 05:32:59,828 - INFO - Add: 9 + 77 = 86
2024-03-27 05:32:59,828 - INFO - Subtract: 46 - 29 = 17
2024-03-27 05:32:59,828 - INFO - Divide: 28 / 92 = 0.30434782608695654
2024-03-27 05:32:59,829 - INFO - Subtract: 38 - 23 = 15
2024-03-27 05:32:59,829 - INFO - Divide: 66 / 40 = 1.65
2024-03-27 05:32:59,829 - INFO - Add: 47 + 74 = 121
2024-03-27 05:32:59,830 - INFO - Subtract: 0 - 49 = -49
2024-03-27 05:32:59,830 - INFO - Add: 94 + 53 = 147
2024-03-27 05:32:59,831 - INFO - Multiply: 97 * 80 = 7760
2024-03-27 05:32:59,831 - INFO - Add: 20 + 77 = 97
2024-03-27 05:32:59,831 - INFO - Multiply: 47 * 39 = 1833
2024-03-27 05:32:59,832 - INFO - Add: 8 + 36 = 44
2024-03-27 05:32:59,832 - INFO - Subtract: 93 - 77 = 16
2024-03-27 05:32:59,832 - INFO - Subtract: 51 - 54 = -3
2024-03-27 05:32:59,832 - INFO - Divide: 97 / 84 = 1.1547619047619047
2024-03-27 05:32:59,833 - INFO - Add: 84 + 60 = 144
2024-03-27 05:32:59,833 - INFO - Multiply: 21 * 98 = 2058
2024-03-27 05:32:59,833 - INFO - Multiply: 96 * 65 = 6240
2024-03-27 05:32:59,834 - INFO - Divide: 37 / 79 = 0.46835443037974683
2024-03-27 05:32:59,834 - INFO - Divide: 57 / 45 = 1.2666666666666666
2024-03-27 05:32:59,835 - INFO - Add: 50 + 85 = 135
2024-03-27 05:32:59,836 - INFO - Divide: 29 / 49 = 0.5918367346938775
2024-03-27 05:32:59,836 - INFO - Subtract: 10 - 24 = -14
2024-03-27 05:32:59,837 - INFO - Add: 47 + 32 = 79
2024-03-27 05:32:59,837 - INFO - Multiply: 58 * 52 = 3016
2024-03-27 05:32:59,838 - INFO - Divide: 6 / 73 = 0.0821917808219178
2024-03-27 05:32:59,839 - INFO - Divide: 86 / 82 = 1.048780487804878
2024-03-27 05:32:59,839 - INFO - Divide: 56 / 48 = 1.1666666666666667
2024-03-27 05:32:59,840 - INFO - Add: 51 + 81 = 132
2024-03-27 05:32:59,840 - INFO - Divide: 56 / 92 = 0.6086956521739131
2024-03-27 05:32:59,840 - INFO - Subtract: 31 - 52 = -21
2024-03-27 05:32:59,840 - INFO - Add: 61 + 67 = 128
2024-03-27 05:32:59,841 - INFO - Divide: 17 / 76 = 0.2236842105263158
2024-03-27 05:32:59,841 - INFO - Subtract: 82 - 79 = 3
2024-03-27 05:32:59,842 - INFO - Divide: 44 / 69 = 0.6376811594202898
2024-03-27 05:32:59,842 - INFO - Divide: 23 / 15 = 1.5333333333333334
2024-03-27 05:32:59,842 - INFO - Multiply: 26 * 29 = 754
2024-03-27 05:32:59,842 - INFO - Multiply: 30 * 45 = 1350
2024-03-27 05:32:59,843 - INFO - Subtract: 41 - 31 = 10
2024-03-27 05:32:59,843 - INFO - Divide: 69 / 67 = 1.0298507462686568
2024-03-27 05:32:59,843 - INFO - Add: 37 + 60 = 97
2024-03-27 05:32:59,844 - INFO - Subtract: 82 - 35 = 47
2024-03-27 05:32:59,844 - INFO - Divide: 82 / 33 = 2.484848484848485
2024-03-27 05:32:59,844 - INFO - Subtract: 5 - 90 = -85
2024-03-27 05:32:59,844 - INFO - Subtract: 0 - 12 = -12
2024-03-27 05:32:59,845 - INFO - Divide: 17 / 88 = 0.19318181818181818
2024-03-27 05:32:59,846 - INFO - Multiply: 30 * 30 = 900
2024-03-27 05:32:59,846 - INFO - Divide: 13 / 35 = 0.37142857142857144
2024-03-27 05:32:59,847 - INFO - Add: 65 + 58 = 123
2024-03-27 05:32:59,847 - INFO - Multiply: 57 * 22 = 1254
2024-03-27 05:32:59,847 - INFO - Add: 0 + 15 = 15
2024-03-27 05:32:59,848 - INFO - Divide: 48 / 41 = 1.170731707317073
2024-03-27 05:32:59,848 - INFO - Subtract: 53 - 41 = 12
2024-03-27 05:32:59,849 - INFO - Divide: 90 / 1 = 90.0
2024-03-27 05:32:59,849 - INFO - Subtract: 7 - 34 = -27
2024-03-27 05:32:59,850 - INFO - Subtract: 86 - 62 = 24
2024-03-27 05:32:59,850 - INFO - Subtract: 96 - 64 = 32
2024-03-27 05:32:59,851 - INFO - Multiply: 73 * 7 = 511
2024-03-27 05:32:59,852 - INFO - Multiply: 57 * 15 = 855
2024-03-27 05:32:59,852 - INFO - Divide: 56 / 33 = 1.696969696969697
2024-03-27 05:32:59,853 - INFO - Divide: 4 / 12 = 0.3333333333333333
2024-03-27 05:32:59,854 - INFO - Add: 10 + 58 = 68
2024-03-27 05:32:59,854 - INFO - Divide: 10 / 72 = 0.1388888888888889
2024-03-27 05:32:59,854 - INFO - Subtract: 74 - 28 = 46
2024-03-27 05:32:59,855 - INFO - Add: 89 + 58 = 147
2024-03-27 05:32:59,855 - INFO - Subtract: 100 - 19 = 81
2024-03-27 05:32:59,855 - INFO - Add: 16 + 93 = 109
2024-03-27 05:32:59,856 - INFO - Add: 85 + 82 = 167
2024-03-27 05:32:59,857 - INFO - Subtract: 41 - 96 = -55
2024-03-27 05:32:59,857 - INFO - Subtract: 36 - 82 = -46
2024-03-27 05:32:59,858 - INFO - Add: 3 + 65 = 68
2024-03-27 05:32:59,858 - INFO - Divide: 100 / 29 = 3.4482758620689653
2024-03-27 05:32:59,859 - INFO - Multiply: 20 * 71 = 1420
2024-03-27 05:32:59,859 - INFO - Multiply: 12 * 12 = 144
2024-03-27 05:32:59,859 - INFO - Add: 61 + 9 = 70
2024-03-27 05:32:59,860 - INFO - Add: 43 + 44 = 87
2024-03-27 05:32:59,860 - INFO - Add: 11 + 30 = 41
2024-03-27 05:32:59,860 - INFO - Divide: 0 / 94 = 0.0
2024-03-27 05:32:59,860 - INFO - Subtract: 82 - 14 = 68
2024-03-27 05:32:59,861 - INFO - Subtract: 74 - 49 = 25
2024-03-27 05:32:59,861 - INFO - Add: 44 + 26 = 70
2024-03-27 05:32:59,862 - INFO - Multiply: 27 * 12 = 324
2024-03-27 05:32:59,862 - INFO - Add: 41 + 79 = 120
2024-03-27 05:32:59,862 - INFO - Divide: 22 / 100 = 0.22
2024-03-27 05:32:59,863 - INFO - Divide: 40 / 36 = 1.1111111111111112
2024-03-27 05:32:59,863 - INFO - Divide: 32 / 9 = 3.5555555555555554
2024-03-27 05:32:59,864 - INFO - Divide: 84 / 34 = 2.4705882352941178
2024-03-27 05:32:59,864 - INFO - Divide: 79 / 25 = 3.16
2024-03-27 05:32:59,864 - INFO - Multiply: 64 * 37 = 2368
2024-03-27 05:32:59,865 - INFO - Add: 85 + 16 = 101
2024-03-27 05:32:59,865 - INFO - Divide: 99 / 84 = 1.1785714285714286
2024-03-27 05:32:59,866 - INFO - Subtract: 78 - 17 = 61
2024-03-27 05:32:59,866 - INFO - Subtract: 56 - 51 = 5
2024-03-27 05:32:59,867 - INFO - Subtract: 32 - 1 = 31
2024-03-27 05:32:59,867 - INFO - Add: 32 + 5 = 37
2024-03-27 05:32:59,867 - INFO - Multiply: 58 * 11 = 638
2024-03-27 05:32:59,868 - INFO - Multiply: 24 * 30 = 720
2024-03-27 05:32:59,868 - INFO - Add: 96 + 98 = 194
2024-03-27 05:32:59,869 - INFO - Add: 94 + 35 = 129
2024-03-27 05:32:59,869 - INFO - Add: 76 + 49 = 125
2024-03-27 05:32:59,870 - INFO - Divide: 98 / 87 = 1.1264367816091954
2024-03-27 05:32:59,870 - INFO - Divide: 56 / 10 = 5.6
2024-03-27 05:32:59,870 - INFO - Add: 37 + 35 = 72
2024-03-27 05:32:59,870 - INFO - Add: 42 + 90 = 132
2024-03-27 05:32:59,871 - INFO - Multiply: 77 * 89 = 6853
2024-03-27 05:32:59,871 - INFO - Subtract: 74 - 18 = 56
2024-03-27 05:32:59,871 - INFO - Multiply: 78 * 84 = 6552
2024-03-27 05:32:59,871 - INFO - Subtract: 27 - 87 = -60
2024-03-27 05:32:59,872 - INFO - Subtract: 78 - 10 = 68
2024-03-27 05:32:59,872 - INFO - Subtract: 85 - 72 = 13
2024-03-27 05:32:59,872 - INFO - Add: 17 + 71 = 88
2024-03-27 05:32:59,873 - INFO - Divide: 19 / 77 = 0.24675324675324675
2024-03-27 05:32:59,873 - INFO - Divide: 18 / 39 = 0.46153846153846156
2024-03-27 05:32:59,873 - INFO - Multiply: 62 * 26 = 1612
2024-03-27 05:32:59,874 - INFO - Subtract: 34 - 69 = -35
2024-03-27 05:32:59,874 - INFO - Subtract: 63 - 19 = 44
2024-03-27 05:32:59,875 - INFO - Subtract: 2 - 82 = -80
2024-03-27 05:32:59,875 - INFO - Subtract: 40 - 79 = -39
2024-03-27 05:32:59,875 - INFO - Divide: 80 / 55 = 1.4545454545454546
2024-03-27 05:32:59,876 - INFO - Divide: 83 / 49 = 1.6938775510204083
2024-03-27 05:32:59,876 - INFO - Multiply: 97 * 55 = 5335
2024-03-27 05:32:59,876 - INFO - Divide: 84 / 29 = 2.896551724137931
2024-03-27 05:32:59,877 - INFO - Multiply: 94 * 42 = 3948
2024-03-27 05:32:59,877 - INFO - Subtract: 92 - 76 = 16
2024-03-27 05:32:59,878 - INFO - Subtract: 54 - 30 = 24
2024-03-27 05:32:59,879 - INFO - Multiply: 29 * 6 = 174
2024-03-27 05:32:59,880 - INFO - Multiply: 29 * 35 = 1015
2024-03-27 05:32:59,880 - INFO - Add: 73 + 17 = 90
2024-03-27 05:32:59,880 - INFO - Add: 15 + 40 = 55
2024-03-27 05:32:59,881 - INFO - Multiply: 12 * 27 = 324
2024-03-27 05:32:59,882 - INFO - Divide: 48 / 84 = 0.5714285714285714
2024-03-27 05:32:59,882 - INFO - Add: 95 + 47 = 142
2024-03-27 05:32:59,883 - INFO - Add: 8 + 96 = 104
2024-03-27 05:32:59,883 - INFO - Divide: 60 / 97 = 0.6185567010309279
2024-03-27 05:32:59,884 - INFO - Add: 19 + 20 = 39
2024-03-27 05:49:33,306 - INFO - Add: 3.0 + 4.0 = 7.0
2024-03-27 05:49:46,141 - INFO - Multiply: 4.0 * 5.0 = 20.0
2024-03-27 05:50:01,039 - INFO - Multiply: 30 * 30 = 900
2024-03-27 05:50:01,040 - INFO - Subtract: 44 - 91 = -47
2024-03-27 05:50:01,040 - INFO - Multiply: 38 * 29 = 1102
2024-03-27 05:50:01,040 - INFO - Divide: 67 / 56 = 1.1964285714285714
2024-03-27 05:50:01,041 - INFO - Subtract: 85 - 12 = 73
2024-03-27 05:50:01,041 - INFO - Subtract: 10 - 34 = -24
2024-03-27 05:50:01,041 - INFO - Subtract: 57 - 21 = 36
2024-03-27 05:50:01,042 - INFO - Divide: 15 / 24 = 0.625
2024-03-27 05:50:01,042 - INFO - Multiply: 59 * 68 = 4012
2024-03-27 05:50:01,042 - INFO - Divide: 21 / 2 = 10.5
2024-03-27 05:50:01,042 - INFO - Divide: 75 / 63 = 1.1904761904761905
2024-03-27 05:50:01,043 - INFO - Subtract: 24 - 26 = -2
2024-03-27 05:50:01,043 - INFO - Add: 16 + 31 = 47
2024-03-27 05:50:01,043 - INFO - Add: 60 + 94 = 154
2024-03-27 05:50:01,044 - INFO - Add: 85 + 64 = 149
2024-03-27 05:50:01,044 - INFO - Divide: 15 / 40 = 0.375
2024-03-27 05:50:01,045 - INFO - Add: 50 + 40 = 90
2024-03-27 05:50:01,045 - INFO - Divide: 56 / 26 = 2.1538461538461537
2024-03-27 05:50:01,045 - INFO - Divide: 76 / 92 = 0.8260869565217391
2024-03-27 05:50:01,045 - INFO - Multiply: 59 * 44 = 2596
2024-03-27 05:50:02,263 - INFO - Multiply: 39 * 72 = 2808
2024-03-27 05:50:02,264 - INFO - Multiply: 14 * 3 = 42
2024-03-27 05:50:02,264 - INFO - Multiply: 54 * 96 = 5184
2024-03-27 05:50:02,264 - INFO - Add: 93 + 24 = 117
2024-03-27 05:50:02,265 - INFO - Subtract: 29 - 74 = -45
2024-03-27 05:50:02,265 - INFO - Multiply: 61 * 92 = 5612
2024-03-27 05:50:02,265 - INFO - Multiply: 8 * 91 = 728
2024-03-27 05:50:02,266 - INFO - Add: 24 + 70 = 94
2024-03-27 05:50:02,266 - INFO - Subtract: 29 - 42 = -13
2024-03-27 05:50:02,266 - INFO - Add: 74 + 40 = 114
2024-03-27 05:50:02,267 - INFO - Add: 40 + 2 = 42
2024-03-27 05:50:02,267 - INFO - Add: 19 + 23 = 42
2024-03-27 05:50:02,267 - INFO - Multiply: 8 * 61 = 488
2024-03-27 05:50:02,267 - INFO - Multiply: 59 * 46 = 2714
2024-03-27 05:50:02,267 - INFO - Divide: 79 / 48 = 1.6458333333333333
2024-03-27 05:50:02,267 - INFO - Subtract: 19 - 85 = -66
2024-03-27 05:50:02,268 - INFO - Add: 10 + 5 = 15
2024-03-27 05:50:02,268 - INFO - Add: 93 + 27 = 120
2024-03-27 05:50:02,268 - INFO - Divide: 31 / 46 = 0.6739130434782609
2024-03-27 05:50:02,268 - INFO - Multiply: 42 * 77 = 3234
2024-03-27 05:50:02,851 - INFO - Divide: 81 / 47 = 1.7234042553191489
2024-03-27 05:50:02,851 - INFO - Subtract: 32 - 65 = -33
2024-03-27 05:50:02,851 - INFO - Multiply: 88 * 5 = 440
2024-03-27 05:50:02,852 - INFO - Subtract: 80 - 89 = -9
2024-03-27 05:50:02,852 - INFO - Multiply: 42 * 58 = 2436
2024-03-27 05:50:02,852 - INFO - Subtract: 39 - 65 = -26
2024-03-27 05:50:02,852 - INFO - Subtract: 89 - 76 = 13
2024-03-27 05:50:02,852 - INFO - Subtract: 81 - 35 = 46
2024-03-27 05:50:02,853 - INFO - Multiply: 40 * 15 = 600
2024-03-27 05:50:02,853 - INFO - Subtract: 38 - 69 = -31
2024-03-27 05:50:02,853 - INFO - Subtract: 80 - 3 = 77
2024-03-27 05:50:02,853 - INFO - Divide: 89 / 31 = 2.870967741935484
2024-03-27 05:50:02,853 - INFO - Subtract: 23 - 29 = -6
2024-03-27 05:50:02,854 - INFO - Subtract: 97 - 80 = 17
2024-03-27 05:50:02,854 - INFO - Subtract: 85 - 62 = 23
2024-03-27 05:50:02,854 - INFO - Subtract: 87 - 31 = 56
2024-03-27 05:50:02,854 - INFO - Subtract: 34 - 73 = -39
2024-03-27 05:50:02,854 - INFO - Subtract: 80 - 77 = 3
2024-03-27 05:50:02,855 - INFO - Divide: 49 / 88 = 0.5568181818181818
2024-03-27 05:50:02,855 - INFO - Multiply: 96 * 73 = 7008
2024-03-27 05:50:03,318 - INFO - Multiply: 85 * 89 = 7565
2024-03-27 05:50:03,319 - INFO - Divide: 9 / 94 = 0.09574468085106383
2024-03-27 05:50:03,319 - INFO - Multiply: 64 * 89 = 5696
2024-03-27 05:50:03,319 - INFO - Multiply: 49 * 32 = 1568
2024-03-27 05:50:03,319 - INFO - Subtract: 16 - 97 = -81
2024-03-27 05:50:03,320 - INFO - Multiply: 70 * 28 = 1960
2024-03-27 05:50:03,320 - INFO - Divide: 54 / 54 = 1.0
2024-03-27 05:50:03,320 - INFO - Divide: 82 / 4 = 20.5
2024-03-27 05:50:03,320 - INFO - Multiply: 72 * 7 = 504
2024-03-27 05:50:03,320 - INFO - Subtract: 75 - 19 = 56
2024-03-27 05:50:03,320 - INFO - Subtract: 98 - 56 = 42
2024-03-27 05:50:03,320 - INFO - Subtract: 32 - 41 = -9
2024-03-27 05:50:03,321 - INFO - Add: 75 + 38 = 113
2024-03-27 05:50:03,321 - INFO - Divide: 24 / 36 = 0.6666666666666666
2024-03-27 05:50:03,321 - INFO - Divide: 17 / 66 = 0.25757575757575757
2024-03-27 05:50:03,321 - INFO - Multiply: 70 * 17 = 1190
2024-03-27 05:50:03,321 - INFO - Subtract: 56 - 34 = 22
2024-03-27 05:50:03,322 - INFO - Subtract: 70 - 84 = -14
2024-03-27 05:50:03,322 - INFO - Multiply: 35 * 91 = 3185
2024-03-27 05:50:03,322 - INFO - Subtract: 6 - 35 = -29
2024-03-27 05:50:09,287 - INFO - Multiply: 12 * 39 = 468
2024-03-27 05:50:09,287 - INFO - Multiply: 69 * 25 = 1725
2024-03-27 05:50:09,288 - INFO - Multiply: 100 * 58 = 5800
2024-03-27 05:50:09,288 - INFO - Multiply: 83 * 5 = 415
2024-03-27 05:50:09,289 - INFO - Add: 58 + 89 = 147
2024-03-27 05:50:09,289 - INFO - Divide: 81 / 53 = 1.528301886792453
2024-03-27 05:50:09,289 - INFO - Subtract: 55 - 82 = -27
2024-03-27 05:50:09,290 - INFO - Multiply: 51 * 89 = 4539
2024-03-27 05:50:09,290 - INFO - Multiply: 34 * 99 = 3366
2024-03-27 05:50:09,291 - INFO - Multiply: 54 * 8 = 432
2024-03-27 05:50:09,291 - INFO - Subtract: 19 - 14 = 5
2024-03-27 05:50:09,292 - INFO - Multiply: 98 * 48 = 4704
2024-03-27 05:50:09,292 - INFO - Multiply: 88 * 20 = 1760
2024-03-27 05:50:09,292 - INFO - Subtract: 46 - 89 = -43
2024-03-27 05:50:09,293 - INFO - Multiply: 10 * 26 = 260
2024-03-27 05:50:09,293 - INFO - Divide: 66 / 66 = 1.0
2024-03-27 05:50:09,294 - INFO - Add: 80 + 59 = 139
2024-03-27 05:50:09,294 - INFO - Multiply: 67 * 90 = 6030
2024-03-27 05:50:09,294 - INFO - Divide: 6 / 18 = 0.3333333333333333
2024-03-27 05:50:09,294 - INFO - Add: 52 + 85 = 137
2024-03-27 05:50:09,641 - INFO - Divide: 67 / 20 = 3.35
2024-03-27 05:50:09,642 - INFO - Multiply: 99 * 21 = 2079
2024-03-27 05:50:09,642 - INFO - Multiply: 87 * 32 = 2784
2024-03-27 05:50:09,642 - INFO - Add: 18 + 6 = 24
2024-03-27 05:50:09,642 - INFO - Add: 23 + 32 = 55
2024-03-27 05:50:09,642 - INFO - Add: 13 + 58 = 71
2024-03-27 05:50:09,642 - INFO - Subtract: 14 - 39 = -25
2024-03-27 05:50:09,643 - INFO - Multiply: 0 * 79 = 0
2024-03-27 05:50:09,643 - INFO - Divide: 95 / 56 = 1.6964285714285714
2024-03-27 05:50:09,643 - INFO - Add: 76 + 29 = 105
2024-03-27 05:50:09,643 - INFO - Divide: 9 / 60 = 0.15
2024-03-27 05:50:09,643 - INFO - Multiply: 93 * 56 = 5208
2024-03-27 05:50:09,644 - INFO - Add: 29 + 40 = 69
2024-03-27 05:50:09,644 - INFO - Subtract: 43 - 11 = 32
2024-03-27 05:50:09,644 - INFO - Subtract: 73 - 9 = 64
2024-03-27 05:50:09,644 - INFO - Add: 45 + 78 = 123
2024-03-27 05:50:09,644 - INFO - Divide: 91 / 89 = 1.0224719101123596
2024-03-27 05:50:09,644 - INFO - Multiply: 64 * 58 = 3712
2024-03-27 05:50:09,645 - INFO - Divide: 34 / 11 = 3.090909090909091
2024-03-27 05:50:09,645 - INFO - Divide: 86 / 67 = 1.2835820895522387
2024-03-27 05:50:10,442 - INFO - Subtract: 6 - 86 = -80
2024-03-27 05:50:10,442 - INFO - Multiply: 59 * 86 = 5074
2024-03-27 05:50:10,443 - INFO - Divide: 42 / 35 = 1.2
2024-03-27 05:50:10,443 - INFO - Divide: 69 / 56 = 1.2321428571428572
2024-03-27 05:50:10,443 - INFO - Add: 50 + 6 = 56
2024-03-27 05:50:10,443 - INFO - Subtract: 27 - 22 = 5
2024-03-27 05:50:10,443 - INFO - Add: 81 + 80 = 161
2024-03-27 05:50:10,443 - INFO - Add: 3 + 12 = 15
2024-03-27 05:50:10,444 - INFO - Subtract: 28 - 96 = -68
2024-03-27 05:50:10,444 - INFO - Subtract: 81 - 95 = -14
2024-03-27 05:50:10,444 - INFO - Add: 63 + 61 = 124
2024-03-27 05:50:10,445 - INFO - Multiply: 38 * 80 = 3040
2024-03-27 05:50:10,445 - INFO - Subtract: 23 - 100 = -77
2024-03-27 05:50:10,445 - INFO - Multiply: 19 * 13 = 247
2024-03-27 05:50:10,445 - INFO - Subtract: 21 - 72 = -51
2024-03-27 05:50:10,445 - INFO - Add: 31 + 13 = 44
2024-03-27 05:50:10,446 - INFO - Subtract: 24 - 29 = -5
2024-03-27 05:50:10,446 - INFO - Add: 59 + 58 = 117
2024-03-27 05:50:10,446 - INFO - Add: 0 + 7 = 7
2024-03-27 05:50:10,446 - INFO - Add: 13 + 58 = 71
2024-03-27 05:50:10,932 - INFO - Divide: 85 / 86 = 0.9883720930232558
2024-03-27 05:50:10,932 - INFO - Multiply: 40 * 34 = 1360
2024-03-27 05:50:10,932 - INFO - Multiply: 41 * 64 = 2624
2024-03-27 05:50:10,932 - INFO - Add: 45 + 61 = 106
2024-03-27 05:50:10,932 - INFO - Subtract: 71 - 94 = -23
2024-03-27 05:50:10,932 - INFO - Add: 41 + 75 = 116
2024-03-27 05:50:10,933 - INFO - Add: 28 + 99 = 127
2024-03-27 05:50:10,933 - INFO - Multiply: 84 * 76 = 6384
2024-03-27 05:50:10,933 - INFO - Add: 26 + 23 = 49
2024-03-27 05:50:10,933 - INFO - Add: 90 + 86 = 176
2024-03-27 05:50:10,933 - INFO - Subtract: 52 - 36 = 16
2024-03-27 05:50:10,933 - INFO - Add: 51 + 76 = 127
2024-03-27 05:50:10,933 - INFO - Divide: 92 / 51 = 1.803921568627451
2024-03-27 05:50:10,933 - INFO - Divide: 83 / 86 = 0.9651162790697675
2024-03-27 05:50:10,933 - INFO - Multiply: 58 * 17 = 986
2024-03-27 05:50:10,933 - INFO - Add: 57 + 11 = 68
2024-03-27 05:50:10,934 - INFO - Subtract: 36 - 88 = -52
2024-03-27 05:50:10,934 - INFO - Multiply: 56 * 81 = 4536
2024-03-27 05:50:10,934 - INFO - Multiply: 59 * 77 = 4543
2024-03-27 05:50:10,934 - INFO - Divide: 56 / 54 = 1.037037037037037
2024-03-27 05:50:11,946 - INFO - Divide: 80 / 83 = 0.963855421686747
2024-03-27 05:50:11,946 - INFO - Multiply: 74 * 62 = 4588
2024-03-27 05:50:11,946 - INFO - Subtract: 58 - 4 = 54
2024-03-27 05:50:11,947 - INFO - Subtract: 82 - 51 = 31
2024-03-27 05:50:11,947 - INFO - Divide: 43 / 44 = 0.9772727272727273
2024-03-27 05:50:11,947 - INFO - Add: 57 + 53 = 110
2024-03-27 05:50:11,947 - INFO - Subtract: 66 - 14 = 52
2024-03-27 05:50:11,948 - INFO - Subtract: 75 - 89 = -14
2024-03-27 05:50:11,948 - INFO - Divide: 100 / 9 = 11.11111111111111
2024-03-27 05:50:11,948 - INFO - Divide: 46 / 69 = 0.6666666666666666
2024-03-27 05:50:11,948 - INFO - Add: 72 + 39 = 111
2024-03-27 05:50:11,949 - INFO - Divide: 56 / 83 = 0.6746987951807228
2024-03-27 05:50:11,949 - INFO - Subtract: 29 - 4 = 25
2024-03-27 05:50:11,949 - INFO - Multiply: 87 * 63 = 5481
2024-03-27 05:50:11,949 - INFO - Subtract: 70 - 26 = 44
2024-03-27 05:50:11,949 - INFO - Subtract: 11 - 34 = -23
2024-03-27 05:50:11,949 - INFO - Add: 39 + 70 = 109
2024-03-27 05:50:11,949 - INFO - Subtract: 13 - 59 = -46
2024-03-27 05:50:11,949 - INFO - Subtract: 57 - 20 = 37
2024-03-27 05:50:11,950 - INFO - Multiply: 94 * 39 = 3666
2024-03-27 05:50:12,520 - INFO - Divide: 79 / 8 = 9.875
2024-03-27 05:50:12,521 - INFO - Divide: 36 / 59 = 0.6101694915254238
2024-03-27 05:50:12,521 - INFO - Add: 44 + 22 = 66
2024-03-27 05:50:12,522 - INFO - Multiply: 86 * 79 = 6794
2024-03-27 05:50:12,522 - INFO - Multiply: 53 * 91 = 4823
2024-03-27 05:50:12,522 - INFO - Subtract: 61 - 94 = -33
2024-03-27 05:50:12,522 - INFO - Divide: 10 / 96 = 0.10416666666666667
2024-03-27 05:50:12,522 - INFO - Add: 73 + 37 = 110
2024-03-27 05:50:12,523 - INFO - Multiply: 67 * 14 = 938
2024-03-27 05:50:12,523 - INFO - Divide: 67 / 8 = 8.375
2024-03-27 05:50:12,523 - INFO - Subtract: 12 - 94 = -82
2024-03-27 05:50:12,523 - INFO - Add: 46 + 69 = 115
2024-03-27 05:50:12,523 - INFO - Divide: 17 / 70 = 0.24285714285714285
2024-03-27 05:50:12,523 - INFO - Divide: 50 / 77 = 0.6493506493506493
2024-03-27 05:50:12,524 - INFO - Subtract: 48 - 79 = -31
2024-03-27 05:50:12,524 - INFO - Subtract: 25 - 48 = -23
2024-03-27 05:50:12,525 - INFO - Subtract: 69 - 2 = 67
2024-03-27 05:50:12,525 - INFO - Divide: 92 / 57 = 1.6140350877192982
2024-03-27 05:50:12,525 - INFO - Add: 91 + 86 = 177
2024-03-27 05:50:12,526 - INFO - Subtract: 15 - 67 = -52
2024-03-27 05:50:15,396 - INFO - Multiply: 4.0 * 4.0 = 16.0
2024-03-27 05:58:47,042 - INFO - Add: 2.0 + 4.0 = 6.0
2024-03-27 06:02:10,106 - INFO - Add: 2.0 + 3.0 = 5.0
2024-03-27 06:04:44,519 - INFO - Add: 2.0 + 4.0 = 6.0
2024-03-27 06:08:38,297 - INFO - Add: 2.0 + 3.0 = 5.0
2024-03-27 06:08:48,926 - INFO - Subtract: 4.0 - 5.0 = -1.0
2024-03-27 06:09:03,605 - INFO - Multiply: 100.0 * 400000.5435343 = 40000054.35343
2024-03-27 06:10:41,907 - INFO - Multiply: 25 * 95 = 2375
2024-03-27 06:10:41,908 - INFO - Subtract: 63 - 88 = -25
2024-03-27 06:10:41,909 - INFO - Divide: 35 / 100 = 0.35
2024-03-27 06:10:41,909 - INFO - Multiply: 81 * 46 = 3726
2024-03-27 06:10:41,909 - INFO - Subtract: 68 - 5 = 63
2024-03-27 06:10:41,909 - INFO - Subtract: 28 - 61 = -33
2024-03-27 06:10:41,910 - INFO - Subtract: 10 - 91 = -81
2024-03-27 06:10:41,910 - INFO - Add: 21 + 22 = 43
2024-03-27 06:10:41,911 - INFO - Divide: 22 / 18 = 1.2222222222222223
2024-03-27 06:10:41,911 - INFO - Multiply: 88 * 25 = 2200
2024-03-27 06:10:41,911 - INFO - Divide: 89 / 37 = 2.4054054054054053
2024-03-27 06:10:41,912 - INFO - Add: 77 + 50 = 127
2024-03-27 06:10:41,912 - INFO - Add: 82 + 93 = 175
2024-03-27 06:10:41,912 - INFO - Add: 17 + 35 = 52
2024-03-27 06:10:41,912 - INFO - Multiply: 30 * 40 = 1200
2024-03-27 06:10:41,912 - INFO - Subtract: 40 - 66 = -26
2024-03-27 06:10:41,913 - INFO - Subtract: 6 - 74 = -68
2024-03-27 06:10:41,913 - INFO - Subtract: 90 - 15 = 75
2024-03-27 06:10:41,914 - INFO - Multiply: 35 * 15 = 525
2024-03-27 06:10:41,914 - INFO - Subtract: 9 - 26 = -17
2024-03-27 06:46:36,164 - INFO - Add: 2.0 + 3.0 = 5.0
2024-03-27 06:46:44,096 - INFO - Divide: 34.0 / 545345436.0 = 6.23458046140135e-08
2024-03-27 06:46:50,655 - INFO - Multiply: 4.0 * 5.0 = 20.0
2024-03-27 06:49:04,783 - INFO - Subtract: 3.0 - 5.0 = -2.0
2024-03-27 09:13:24,991 - INFO - Add: 3.0 + 4.0 = 7.0
2024-03-27 09:13:34,978 - INFO - Divide: 2345463.0 / 5543.0 = 423.13963557640267
2024-03-27 09:13:48,414 - INFO - Add: 2.0 + 3.0 = 5.0
2024-03-27 09:17:11,614 - INFO - Subtract: 3.0 - 4.0 = -1.0
2024-03-27 09:17:39,687 - INFO - Add: 4.0 + 3.0 = 7.0
2024-03-27 09:23:07,002 - INFO - Add: 2.0 + 3.0 = 5.0
2024-03-27 09:25:45,923 - INFO - Add: 2.0 + 4.0 = 6.0
2024-03-27 09:26:20,784 - INFO - Multiply: 54334.0 * 425244234.0 = 23105220210156.0
2024-03-27 09:32:20,743 - INFO - Add: 2.0 + 3.0 = 5.0
2024-03-27 09:32:30,536 - INFO - Multiply: 3242.0 * 3242.0 = 10510564.0
2024-03-27 09:32:40,974 - INFO - Divide: 32.0 / 44434232.0 = 7.20165479623908e-07
2024-03-27 09:32:46,419 - INFO - Multiply: 423234.0 * 4234234.0 = 1792071792756.0
2024-03-27 09:32:55,342 - INFO - Subtract: 3433.0 - 43232.0 = -39799.0
2024-03-27 09:34:09,839 - INFO - Add: 4234.0 + 34.0 = 4268.0
2024-03-27 09:35:36,666 - INFO - Multiply: 232.0 * 322.0 = 74704.0
2024-03-27 09:38:42,191 - INFO - Add: 2324.0 + 3423.0 = 5747.0
2024-03-27 09:38:53,719 - INFO - Multiply: 423432.0 * 2342.0 = 991677744.0
2024-03-27 09:40:39,611 - INFO - Add: 99 + 94 = 193
2024-03-27 09:40:39,612 - INFO - Divide: 23 / 64 = 0.359375
2024-03-27 09:40:39,612 - INFO - Subtract: 41 - 76 = -35
2024-03-27 09:40:39,612 - INFO - Multiply: 59 * 55 = 3245
2024-03-27 09:40:39,612 - INFO - Subtract: 5 - 40 = -35
2024-03-27 09:40:39,612 - INFO - Subtract: 49 - 34 = 15
2024-03-27 09:40:39,613 - INFO - Divide: 99 / 82 = 1.2073170731707317
2024-03-27 09:40:39,613 - INFO - Divide: 61 / 98 = 0.6224489795918368
2024-03-27 09:40:39,613 - INFO - Multiply: 33 * 36 = 1188
2024-03-27 09:40:39,613 - INFO - Multiply: 63 * 98 = 6174
2024-03-27 09:40:39,614 - INFO - Add: 15 + 21 = 36
2024-03-27 09:40:39,614 - INFO - Add: 51 + 10 = 61
2024-03-27 09:40:39,614 - INFO - Multiply: 20 * 8 = 160
2024-03-27 09:40:39,614 - INFO - Multiply: 38 * 22 = 836
2024-03-27 09:40:39,615 - INFO - Subtract: 21 - 10 = 11
2024-03-27 09:40:39,615 - INFO - Divide: 59 / 65 = 0.9076923076923077
2024-03-27 09:40:39,616 - INFO - Divide: 1 / 57 = 0.017543859649122806
2024-03-27 09:40:39,616 - INFO - Add: 28 + 62 = 90
2024-03-27 09:40:39,617 - INFO - Divide: 83 / 71 = 1.1690140845070423
2024-03-27 09:40:39,617 - INFO - Multiply: 39 * 38 = 1482
2024-03-27 09:41:44,361 - INFO - Add: 342.0 + 423234.0 = 423576.0
2024-03-27 19:36:28,582 - INFO - Add: 2.0 + 4.0 = 6.0
2024-03-27 19:37:14,505 - INFO - Add: 2.0 + 4.0 = 6.0
2024-03-27 19:38:32,990 - INFO - Add: 2.0 + 4.0 = 6.0
2024-03-27 19:40:32,056 - INFO - Multiply: 4.0 * 3.0 = 12.0
2024-03-27 19:42:47,436 - INFO - Add: 3.0 + 5.0 = 8.0
2024-03-27 19:42:55,418 - INFO - Subtract: 4.0 - 5.0 = -1.0
2024-03-27 19:43:02,810 - INFO - Divide: 4233.0 / 32423423423.0 = 1.3055376493640901e-07
2024-03-27 19:43:09,280 - INFO - Add: 1.0 + 1.0 = 2.0
2024-03-27 19:43:15,350 - INFO - Add: 1.0 + 2.0 = 3.0
2024-03-27 19:43:21,588 - INFO - Add: 6.0 + 6.0 = 12.0
2024-03-27 19:43:36,888 - INFO - Add: 6.0 + 6.0 = 12.0
2024-03-27 20:01:47,136 - INFO - Add: 75 + 50 = 125
2024-03-27 20:01:47,138 - INFO - Multiply: 86 * 65 = 5590
2024-03-27 20:01:47,138 - INFO - Divide: 24 / 48 = 0.5
2024-03-27 20:01:47,138 - INFO - Add: 29 + 79 = 108
2024-03-27 20:01:47,139 - INFO - Multiply: 25 * 99 = 2475
2024-03-27 20:01:47,139 - INFO - Add: 78 + 55 = 133
2024-03-27 20:01:47,139 - INFO - Add: 53 + 51 = 104
2024-03-27 20:01:47,139 - INFO - Divide: 65 / 46 = 1.4130434782608696
2024-03-27 20:01:47,140 - INFO - Add: 1 + 93 = 94
2024-03-27 20:01:47,140 - INFO - Multiply: 76 * 61 = 4636
2024-03-27 20:01:47,140 - INFO - Divide: 16 / 84 = 0.19047619047619047
2024-03-27 20:01:47,140 - INFO - Divide: 1 / 41 = 0.024390243902439025
2024-03-27 20:01:47,141 - INFO - Add: 31 + 74 = 105
2024-03-27 20:01:47,141 - INFO - Add: 29 + 87 = 116
2024-03-27 20:01:47,142 - INFO - Add: 7 + 13 = 20
2024-03-27 20:01:47,142 - INFO - Divide: 79 / 98 = 0.8061224489795918
2024-03-27 20:01:47,143 - INFO - Add: 10 + 74 = 84
2024-03-27 20:01:47,143 - INFO - Multiply: 37 * 14 = 518
2024-03-27 20:01:47,144 - INFO - Add: 16 + 57 = 73
2024-03-27 20:01:47,144 - INFO - Divide: 98 / 47 = 2.0851063829787235
2024-03-27 20:03:18,860 - INFO - Add: 2.0 + 4.0 = 6.0
2024-03-27 20:35:39,206 - INFO - Add: 2.0 + 4.0 = 6.0
2024-03-27 20:35:59,466 - INFO - Subtract: 3242.0 - 2433232423.0 = -2433229181.0
2024-03-27 21:03:23,529 - INFO - Add: 2.0 + 0 = 2.0
2024-03-27 21:04:08,024 - INFO - Multiply: 69 * 31 = 2139
2024-03-27 21:04:08,025 - INFO - Divide: 50 / 48 = 1.0416666666666667
2024-03-27 21:04:08,025 - INFO - Multiply: 42 * 43 = 1806
2024-03-27 21:04:08,026 - INFO - Divide: 28 / 18 = 1.5555555555555556
2024-03-27 21:04:08,026 - INFO - Subtract: 56 - 23 = 33
2024-03-27 21:04:08,026 - INFO - Multiply: 10 * 15 = 150
2024-03-27 21:04:08,026 - INFO - Subtract: 97 - 10 = 87
2024-03-27 21:04:08,027 - INFO - Divide: 7 / 78 = 0.08974358974358974
2024-03-27 21:04:08,027 - INFO - Multiply: 62 * 95 = 5890
2024-03-27 21:04:08,027 - INFO - Add: 58 + 24 = 82
2024-03-27 21:04:08,027 - INFO - Multiply: 60 * 49 = 2940
2024-03-27 21:04:08,028 - INFO - Subtract: 89 - 10 = 79
2024-03-27 21:04:08,028 - INFO - Multiply: 70 * 93 = 6510
2024-03-27 21:04:08,028 - INFO - Multiply: 25 * 76 = 1900
2024-03-27 21:04:08,029 - INFO - Multiply: 6 * 11 = 66
2024-03-27 21:04:08,030 - INFO - Divide: 67 / 2 = 33.5
2024-03-27 21:04:08,030 - INFO - Subtract: 70 - 99 = -29
2024-03-27 21:04:08,030 - INFO - Add: 45 + 82 = 127
2024-03-27 21:04:08,030 - INFO - Divide: 98 / 45 = 2.1777777777777776
2024-03-27 21:04:08,031 - INFO - Multiply: 66 * 66 = 4356
2024-03-27 21:04:13,480 - INFO - Add: 34.0 + 543.0 = 577.0
2024-03-27 21:04:56,688 - INFO - Add: 2.0 + 4.0 = 6.0
2024-03-27 21:05:02,989 - INFO - Divide: 3423.0 / 23423.0 = 0.1461384109635828
2024-03-28 00:58:43,102 - INFO - Divide: 14 / 52 = 0.2692307692307692
2024-03-28 00:58:43,103 - INFO - Subtract: 32 - 46 = -14
2024-03-28 00:58:43,104 - INFO - Multiply: 24 * 94 = 2256
2024-03-28 00:58:43,104 - INFO - Divide: 85 / 71 = 1.1971830985915493
2024-03-28 00:58:43,104 - INFO - Multiply: 96 * 52 = 4992
2024-03-28 00:58:43,104 - INFO - Add: 72 + 96 = 168
2024-03-28 00:58:43,105 - INFO - Multiply: 88 * 11 = 968
2024-03-28 00:58:43,106 - INFO - Multiply: 79 * 83 = 6557
2024-03-28 00:58:43,106 - INFO - Divide: 6 / 71 = 0.08450704225352113
2024-03-28 00:58:43,107 - INFO - Add: 15 + 67 = 82
2024-03-28 00:58:43,107 - INFO - Subtract: 83 - 19 = 64
2024-03-28 00:58:43,107 - INFO - Divide: 52 / 55 = 0.9454545454545454
2024-03-28 00:58:43,108 - INFO - Add: 26 + 22 = 48
2024-03-28 00:58:43,108 - INFO - Multiply: 82 * 84 = 6888
2024-03-28 00:58:43,108 - INFO - Multiply: 28 * 48 = 1344
2024-03-28 00:58:43,108 - INFO - Divide: 11 / 11 = 1.0
2024-03-28 00:58:43,108 - INFO - Multiply: 80 * 10 = 800
2024-03-28 00:58:43,109 - INFO - Add: 35 + 14 = 49
2024-03-28 00:58:43,109 - INFO - Subtract: 73 - 12 = 61
2024-03-28 00:58:43,109 - INFO - Multiply: 53 * 94 = 4982
2024-03-28 00:58:53,674 - INFO - Add: 2.0 + 34.0 = 36.0
2024-03-28 01:06:53,238 - INFO - Add: 2.0 + 4.0 = 6.0
2024-03-28 01:07:02,061 - INFO - Add: 1.0 + 1.0 = 2.0
2024-03-28 01:13:31,045 - INFO - Multiply: 82 * 26 = 2132
2024-03-28 01:13:31,046 - INFO - Multiply: 14 * 10 = 140
2024-03-28 01:13:31,046 - INFO - Divide: 7 / 81 = 0.08641975308641975
2024-03-28 01:13:31,046 - INFO - Subtract: 1 - 13 = -12
2024-03-28 01:13:31,046 - INFO - Subtract: 35 - 57 = -22
2024-03-28 01:13:31,046 - INFO - Divide: 1 / 76 = 0.013157894736842105
2024-03-28 01:13:31,047 - INFO - Subtract: 44 - 74 = -30
2024-03-28 01:13:31,047 - INFO - Multiply: 97 * 5 = 485
2024-03-28 01:13:31,047 - INFO - Subtract: 44 - 30 = 14
2024-03-28 01:13:31,048 - INFO - Subtract: 55 - 5 = 50
2024-03-28 01:13:31,048 - INFO - Subtract: 34 - 58 = -24
2024-03-28 01:13:31,048 - INFO - Add: 16 + 15 = 31
2024-03-28 01:13:31,048 - INFO - Divide: 85 / 80 = 1.0625
2024-03-28 01:13:31,048 - INFO - Multiply: 99 * 98 = 9702
2024-03-28 01:13:31,048 - INFO - Subtract: 37 - 48 = -11
2024-03-28 01:13:31,049 - INFO - Divide: 92 / 39 = 2.358974358974359
2024-03-28 01:13:31,049 - INFO - Multiply: 98 * 73 = 7154
2024-03-28 01:13:31,049 - INFO - Multiply: 7 * 59 = 413
2024-03-28 01:13:31,050 - INFO - Add: 28 + 90 = 118
2024-03-28 01:13:31,050 - INFO - Divide: 80 / 37 = 2.1621621621621623
